
> app@ prebuild /Users/wiley/populist/web/app
> dotenv -c production -- graphql-codegen

(node:21555) ExperimentalWarning: stream/web is an experimental feature. This feature could change at any time
(Use `node --trace-warnings ...` to show where the warning was created)
[STARTED] Parse Configuration
[SUCCESS] Parse Configuration
[STARTED] Generate outputs
[STARTED] Generate to ./graphql/schema.graphql
[STARTED] Generate to ./generated.ts
[STARTED] Load GraphQL schemas
[STARTED] Load GraphQL schemas
[SUCCESS] Load GraphQL schemas
[SUCCESS] Load GraphQL schemas
[STARTED] Load GraphQL documents
[STARTED] Load GraphQL documents
[SUCCESS] Load GraphQL documents
[SUCCESS] Load GraphQL documents
[STARTED] Generate
[STARTED] Generate
[SUCCESS] Generate
[SUCCESS] Generate
[SUCCESS] Generate to ./graphql/schema.graphql
[SUCCESS] Generate to ./generated.ts
[SUCCESS] Generate outputs

> app@ build /Users/wiley/populist/web/app
> next build

info  - Loaded env from /Users/wiley/populist/web/app/.env
error - Failed to load next.config.js, see more info here https://nextjs.org/docs/messages/next-config-error

> Build error occurred
Error: Cannot find module 'utils/next-i18next.config'
Require stack:
- /Users/wiley/populist/web/app/next.config.js
    at Function.Module._resolveFilename (node:internal/modules/cjs/loader:933:15)
    at Function.mod._resolveFilename (/Users/wiley/populist/web/node_modules/.pnpm/next@13.1.2_23e7ztf2chqi3ri6onem3l5mii/node_modules/next/dist/build/webpack/require-hook.js:23:32)
    at Function.Module._load (node:internal/modules/cjs/loader:778:27)
    at Module.require (node:internal/modules/cjs/loader:1005:19)
    at require (node:internal/modules/cjs/helpers:102:18)
    at Object.<anonymous> (/Users/wiley/populist/web/app/next.config.js:4:18)
    at Module._compile (node:internal/modules/cjs/loader:1101:14)
    at Object.Module._extensions..js (node:internal/modules/cjs/loader:1153:10)
    at Module.load (node:internal/modules/cjs/loader:981:32)
    at Function.Module._load (node:internal/modules/cjs/loader:822:12) {
  code: 'MODULE_NOT_FOUND',
  requireStack: [ '/Users/wiley/populist/web/app/next.config.js' ]
}
 ELIFECYCLE  Command failed with exit code 1.
